<?xml version="1.0" encoding="UTF-8"?>
<!-- Generated by org.testng.reporters.JUnitReportReporter -->
<testsuite hostname="DESKTOP-1TK4TSS" failures="0" tests="1" name="cRUDOperationWithBDD.UpdateProjectWithBDD" time="3.320" errors="0" timestamp="02 Sep 2022 11:14:33 GMT" skipped="0">
  <testcase classname="cRUDOperationWithBDD.UpdateProjectWithBDD" name="updateProject" time="3.320"/>
</testsuite> <!-- cRUDOperationWithBDD.UpdateProjectWithBDD -->
