<?xml version="1.0" encoding="UTF-8"?>
<!-- Generated by org.testng.reporters.JUnitReportReporter -->
<testsuite hostname="DESKTOP-1TK4TSS" failures="0" tests="1" name="differentWayToPost.AddProjectsTest" time="3.087" errors="0" timestamp="02 Sep 2022 11:43:55 GMT" skipped="0">
  <testcase classname="differentWayToPost.AddProjectsTest" name="addProject" time="3.087"/>
</testsuite> <!-- differentWayToPost.AddProjectsTest -->
