<?xml version="1.0" encoding="UTF-8"?>
<!-- Generated by org.testng.reporters.JUnitReportReporter -->
<testsuite hostname="DESKTOP-1TK4TSS" failures="0" tests="1" name="hamCrestTimeValidation.TimeValidationTest" time="3.131" errors="0" timestamp="05 Sep 2022 11:18:41 GMT" skipped="0">
  <testcase classname="hamCrestTimeValidation.TimeValidationTest" name="createProject" time="3.131"/>
</testsuite> <!-- hamCrestTimeValidation.TimeValidationTest -->
