<?xml version="1.0" encoding="UTF-8"?>
<!-- Generated by org.testng.reporters.JUnitReportReporter -->
<testsuite hostname="DESKTOP-1TK4TSS" failures="0" tests="1" name="dataDrivenTesting.UsingDataDrivenTestingAddProjectTest" time="2.899" errors="0" timestamp="03 Sep 2022 07:47:06 GMT" skipped="0">
  <testcase classname="dataDrivenTesting.UsingDataDrivenTestingAddProjectTest" name="create" time="2.899"/>
</testsuite> <!-- dataDrivenTesting.UsingDataDrivenTestingAddProjectTest -->
