<?xml version="1.0" encoding="UTF-8"?>
<!-- Generated by org.testng.reporters.JUnitReportReporter -->
<testsuite hostname="DESKTOP-1TK4TSS" failures="0" tests="1" name="cRUDOperationWithoutBDD.AddProjectTest" time="3.474" errors="0" timestamp="01 Sep 2022 12:04:46 GMT" skipped="0">
  <testcase classname="cRUDOperationWithoutBDD.AddProjectTest" name="Create" time="3.474"/>
</testsuite> <!-- cRUDOperationWithoutBDD.AddProjectTest -->
