<?xml version="1.0" encoding="UTF-8"?>
<!-- Generated by org.testng.reporters.JUnitReportReporter -->
<testsuite hostname="DESKTOP-1TK4TSS" failures="0" tests="1" name="cRUDOperationWithBDD.AddProjectTest" time="3.336" errors="0" timestamp="02 Sep 2022 10:01:11 GMT" skipped="0">
  <testcase classname="cRUDOperationWithBDD.AddProjectTest" name="create" time="3.336"/>
</testsuite> <!-- cRUDOperationWithBDD.AddProjectTest -->
