<?xml version="1.0" encoding="UTF-8"?>
<!-- Generated by org.testng.reporters.JUnitReportReporter -->
<testsuite hostname="DESKTOP-1TK4TSS" failures="0" tests="1" name="cRUDOperationWithoutBDD.AddProjectTest1" time="3.593" errors="0" timestamp="02 Sep 2022 02:48:51 GMT" skipped="0">
  <testcase classname="cRUDOperationWithoutBDD.AddProjectTest1" name="addProject" time="3.593"/>
</testsuite> <!-- cRUDOperationWithoutBDD.AddProjectTest1 -->
