<?xml version="1.0" encoding="UTF-8"?>
<!-- Generated by org.testng.reporters.JUnitReportReporter -->
<testsuite hostname="DESKTOP-1TK4TSS" failures="0" tests="1" name="differentWayToPost.AddProjectWithJSONObjectTest" time="3.508" errors="0" timestamp="2022-09-07T14:55:54 IST" skipped="0">
  <testcase classname="differentWayToPost.AddProjectWithJSONObjectTest" name="Create" time="3.508"/>
  <system-out/>
</testsuite> <!-- differentWayToPost.AddProjectWithJSONObjectTest -->
