<?xml version="1.0" encoding="UTF-8"?>
<!-- Generated by org.testng.reporters.JUnitReportReporter -->
<testsuite hostname="DESKTOP-1TK4TSS" failures="0" tests="1" name="staticValidation.StaticResponeValidationTest" time="3.565" errors="0" timestamp="05 Sep 2022 07:46:55 GMT" skipped="0">
  <testcase classname="staticValidation.StaticResponeValidationTest" name="staticMethodVerification" time="3.565"/>
</testsuite> <!-- staticValidation.StaticResponeValidationTest -->
