<?xml version="1.0" encoding="UTF-8"?>
<!-- Generated by org.testng.reporters.JUnitReportReporter -->
<testsuite hostname="DESKTOP-1TK4TSS" failures="0" tests="1" name="reqressAssignment.GetProjectTest" time="4.174" errors="0" timestamp="05 Sep 2022 07:46:20 GMT" skipped="0">
  <testcase classname="reqressAssignment.GetProjectTest" name="getProject" time="4.174"/>
</testsuite> <!-- reqressAssignment.GetProjectTest -->
