<?xml version="1.0" encoding="UTF-8"?>
<!-- Generated by org.testng.reporters.JUnitReportReporter -->
<testsuite hostname="DESKTOP-1TK4TSS" failures="0" tests="1" name="cRUDOperationWithBDD.AddProjectWithBDDTest" time="3.147" errors="0" timestamp="02 Sep 2022 11:20:36 GMT" skipped="0">
  <testcase classname="cRUDOperationWithBDD.AddProjectWithBDDTest" name="create" time="3.147"/>
</testsuite> <!-- cRUDOperationWithBDD.AddProjectWithBDDTest -->
