<?xml version="1.0" encoding="UTF-8"?>
<!-- Generated by org.testng.reporters.JUnitReportReporter -->
<testsuite hostname="DESKTOP-1TK4TSS" failures="0" tests="1" name="reqressAssignment.AddProjectWithJSONBody" time="4.900" errors="0" timestamp="05 Sep 2022 06:05:13 GMT" skipped="0">
  <testcase classname="reqressAssignment.AddProjectWithJSONBody" name="createProject" time="4.900"/>
</testsuite> <!-- reqressAssignment.AddProjectWithJSONBody -->
