<?xml version="1.0" encoding="UTF-8"?>
<!-- Generated by org.testng.reporters.JUnitReportReporter -->
<testsuite hostname="DESKTOP-1TK4TSS" failures="0" tests="1" name="cRUDOperationWithBDD.GetProjectWithBDD" time="2.464" errors="0" timestamp="02 Sep 2022 10:31:50 GMT" skipped="0">
  <testcase classname="cRUDOperationWithBDD.GetProjectWithBDD" name="getProjects" time="2.464"/>
</testsuite> <!-- cRUDOperationWithBDD.GetProjectWithBDD -->
