<?xml version="1.0" encoding="UTF-8"?>
<!-- Generated by org.testng.reporters.JUnitReportReporter -->
<testsuite hostname="DESKTOP-1TK4TSS" failures="0" tests="1" name="authentication.AuthenticationOuth2" time="47.037" errors="0" timestamp="06 Sep 2022 10:42:15 GMT" skipped="0">
  <testcase classname="authentication.AuthenticationOuth2" name="createAuthenticationOuth" time="47.037"/>
</testsuite> <!-- authentication.AuthenticationOuth2 -->
