<?xml version="1.0" encoding="UTF-8"?>
<!-- Generated by org.testng.reporters.JUnitReportReporter -->
<testsuite hostname="DESKTOP-1TK4TSS" failures="0" tests="1" name="cRUDOperationWithoutBDD.GetDatafromProjectTest" time="2.702" errors="0" timestamp="02 Sep 2022 05:14:58 GMT" skipped="0">
  <testcase classname="cRUDOperationWithoutBDD.GetDatafromProjectTest" name="getProjectDetails" time="2.702"/>
</testsuite> <!-- cRUDOperationWithoutBDD.GetDatafromProjectTest -->
