<?xml version="1.0" encoding="UTF-8"?>
<!-- Generated by org.testng.reporters.JUnitReportReporter -->
<testsuite hostname="DESKTOP-1TK4TSS" failures="0" tests="1" name="authentication.BasicAuthenticationOfProject" time="4.125" errors="0" timestamp="06 Sep 2022 07:27:31 GMT" skipped="0">
  <testcase classname="authentication.BasicAuthenticationOfProject" name="basicAuth" time="4.125"/>
</testsuite> <!-- authentication.BasicAuthenticationOfProject -->
