<?xml version="1.0" encoding="UTF-8"?>
<!-- Generated by org.testng.reporters.JUnitReportReporter -->
<testsuite hostname="DESKTOP-1TK4TSS" failures="0" tests="1" name="differentWayToPost.AddProjectWithJSONFile" time="3.364" errors="0" timestamp="03 Sep 2022 07:09:38 GMT" skipped="0">
  <testcase classname="differentWayToPost.AddProjectWithJSONFile" name="createProject" time="3.364"/>
</testsuite> <!-- differentWayToPost.AddProjectWithJSONFile -->
