<?xml version="1.0" encoding="UTF-8"?>
<!-- Generated by org.testng.reporters.JUnitReportReporter -->
<testsuite hostname="DESKTOP-1TK4TSS" failures="0" tests="1" name="pathParameterAndRequestChaining.PostAndGetProjectTest" time="31.903" errors="0" timestamp="2022-09-07T18:11:30 IST" skipped="0">
  <testcase classname="pathParameterAndRequestChaining.PostAndGetProjectTest" name="createProject" time="31.903"/>
  <system-out/>
</testsuite> <!-- pathParameterAndRequestChaining.PostAndGetProjectTest -->
