<?xml version="1.0" encoding="UTF-8"?>
<!-- Generated by org.testng.reporters.JUnitReportReporter -->
<testsuite hostname="DESKTOP-1TK4TSS" failures="0" tests="1" name="cRUDOperationWithoutBDD.GetDataFromProjectTest1" time="2.391" errors="0" timestamp="02 Sep 2022 05:15:22 GMT" skipped="0">
  <testcase classname="cRUDOperationWithoutBDD.GetDataFromProjectTest1" name="getProjects" time="2.391"/>
</testsuite> <!-- cRUDOperationWithoutBDD.GetDataFromProjectTest1 -->
