<?xml version="1.0" encoding="UTF-8"?>
<!-- Generated by org.testng.reporters.JUnitReportReporter -->
<testsuite hostname="DESKTOP-1TK4TSS" failures="0" tests="1" name="pathParameterAndRequestChaining.EndToEndAddProjectandVerifyProjectinGUITest" time="19.210" errors="0" timestamp="2022-09-08T12:51:14 IST" skipped="0">
  <testcase classname="pathParameterAndRequestChaining.EndToEndAddProjectandVerifyProjectinGUITest" name="createProject" time="19.210"/>
  <system-out/>
</testsuite> <!-- pathParameterAndRequestChaining.EndToEndAddProjectandVerifyProjectinGUITest -->
