<?xml version="1.0" encoding="UTF-8"?>
<!-- Generated by org.testng.reporters.JUnitReportReporter -->
<testsuite hostname="DESKTOP-1TK4TSS" failures="0" tests="1" name="cRUDOperationWithoutBDD.AddProjectTest2" time="3.089" errors="0" timestamp="02 Sep 2022 03:12:35 GMT" skipped="0">
  <testcase classname="cRUDOperationWithoutBDD.AddProjectTest2" name="addProject" time="3.089"/>
</testsuite> <!-- cRUDOperationWithoutBDD.AddProjectTest2 -->
