<?xml version="1.0" encoding="UTF-8"?>
<!-- Generated by org.testng.reporters.JUnitReportReporter -->
<testsuite hostname="DESKTOP-1TK4TSS" failures="0" tests="1" name="authentication.GetPet.GetPetAouth2Test" time="9.190" errors="0" timestamp="2022-10-27T11:38:50 IST" skipped="0">
  <testcase classname="authentication.GetPet.GetPetAouth2Test" name="getPet" time="9.190"/>
  <system-out/>
</testsuite> <!-- authentication.GetPet.GetPetAouth2Test -->
