<?xml version="1.0" encoding="UTF-8"?>
<!-- Generated by org.testng.reporters.JUnitReportReporter -->
<testsuite hostname="DESKTOP-1TK4TSS" failures="0" tests="1" name="differentWayToPost.WithTheHelpOfHasMAPTest" time="2.972" errors="0" timestamp="03 Sep 2022 05:41:53 GMT" skipped="0">
  <testcase classname="differentWayToPost.WithTheHelpOfHasMAPTest" name="create" time="2.972"/>
</testsuite> <!-- differentWayToPost.WithTheHelpOfHasMAPTest -->
