<?xml version="1.0" encoding="UTF-8"?>
<!-- Generated by org.testng.reporters.JUnitReportReporter -->
<testsuite hostname="DESKTOP-1TK4TSS" failures="0" tests="1" name="cRUDOperationWithoutBDD.ModifytheDataofProject" time="3.085" errors="0" timestamp="01 Sep 2022 12:58:15 GMT" skipped="0">
  <testcase classname="cRUDOperationWithoutBDD.ModifytheDataofProject" name="updateTheProject" time="3.085"/>
</testsuite> <!-- cRUDOperationWithoutBDD.ModifytheDataofProject -->
