<?xml version="1.0" encoding="UTF-8"?>
<!-- Generated by org.testng.reporters.JUnitReportReporter -->
<testsuite hostname="DESKTOP-1TK4TSS" failures="0" tests="1" name="cRUDOperationWithoutBDD.DeleteTheProject" time="2.519" errors="0" timestamp="01 Sep 2022 13:11:18 GMT" skipped="0">
  <testcase classname="cRUDOperationWithoutBDD.DeleteTheProject" name="deleteProject" time="2.519"/>
</testsuite> <!-- cRUDOperationWithoutBDD.DeleteTheProject -->
