<?xml version="1.0" encoding="UTF-8"?>
<!-- Generated by org.testng.reporters.JUnitReportReporter -->
<testsuite hostname="DESKTOP-1TK4TSS" failures="0" tests="4" name="dataDrivenTesting.UsingExcelDDTForAddProject" time="3.551" errors="0" timestamp="05 Sep 2022 05:37:07 GMT" skipped="0">
  <testcase classname="dataDrivenTesting.UsingExcelDDTForAddProject" name="createProject" time="0.070"/>
  <testcase classname="dataDrivenTesting.UsingExcelDDTForAddProject" name="createProject" time="0.076"/>
  <testcase classname="dataDrivenTesting.UsingExcelDDTForAddProject" name="createProject" time="0.164"/>
  <testcase classname="dataDrivenTesting.UsingExcelDDTForAddProject" name="createProject" time="3.241"/>
</testsuite> <!-- dataDrivenTesting.UsingExcelDDTForAddProject -->
